Apr 4, 2014 10:06:55 PM org.apache.solr.servlet.SolrDispatchFilter init
INFO: SolrDispatchFilter.init()
Apr 4, 2014 10:06:55 PM org.apache.solr.core.SolrResourceLoader locateSolrHome
INFO: JNDI not configured for solr (NoInitialContextEx)
Apr 4, 2014 10:06:55 PM org.apache.solr.core.SolrResourceLoader locateSolrHome
INFO: using system property solr.solr.home: /Users/dpappas/Dropbox/Sites/fanatic_v2/solr
Apr 4, 2014 10:06:55 PM org.apache.solr.core.CoreContainer$Initializer initialize
INFO: looking for solr.xml: /Users/dpappas/Dropbox/Sites/fanatic_v2/solr/solr.xml
Apr 4, 2014 10:06:55 PM org.apache.solr.core.CoreContainer <init>
INFO: New CoreContainer 2035159355
Apr 4, 2014 10:06:55 PM org.apache.solr.core.CoreContainer load
INFO: Loading CoreContainer using Solr Home: '/Users/dpappas/Dropbox/Sites/fanatic_v2/solr/'
Apr 4, 2014 10:06:55 PM org.apache.solr.core.SolrResourceLoader <init>
INFO: new SolrResourceLoader for directory: '/Users/dpappas/Dropbox/Sites/fanatic_v2/solr/'
Apr 4, 2014 10:06:55 PM org.apache.solr.handler.component.HttpShardHandlerFactory getParameter
INFO: Setting socketTimeout to: 0
Apr 4, 2014 10:06:55 PM org.apache.solr.handler.component.HttpShardHandlerFactory getParameter
INFO: Setting urlScheme to: http://
Apr 4, 2014 10:06:55 PM org.apache.solr.handler.component.HttpShardHandlerFactory getParameter
INFO: Setting connTimeout to: 0
Apr 4, 2014 10:06:55 PM org.apache.solr.handler.component.HttpShardHandlerFactory getParameter
INFO: Setting maxConnectionsPerHost to: 20
Apr 4, 2014 10:06:55 PM org.apache.solr.handler.component.HttpShardHandlerFactory getParameter
INFO: Setting corePoolSize to: 0
Apr 4, 2014 10:06:55 PM org.apache.solr.handler.component.HttpShardHandlerFactory getParameter
INFO: Setting maximumPoolSize to: 2147483647
Apr 4, 2014 10:06:55 PM org.apache.solr.handler.component.HttpShardHandlerFactory getParameter
INFO: Setting maxThreadIdleTime to: 5
Apr 4, 2014 10:06:55 PM org.apache.solr.handler.component.HttpShardHandlerFactory getParameter
INFO: Setting sizeOfQueue to: -1
Apr 4, 2014 10:06:55 PM org.apache.solr.handler.component.HttpShardHandlerFactory getParameter
INFO: Setting fairnessPolicy to: false
Apr 4, 2014 10:06:55 PM org.apache.solr.client.solrj.impl.HttpClientUtil createClient
INFO: Creating new http client, config:maxConnectionsPerHost=20&maxConnections=10000&socketTimeout=0&connTimeout=0&retry=false
Apr 4, 2014 10:06:55 PM org.apache.solr.core.CoreContainer load
INFO: Registering Log Listener
Apr 4, 2014 10:06:55 PM org.apache.solr.core.CoreContainer create
INFO: Creating SolrCore 'default' using instanceDir: /Users/dpappas/Dropbox/Sites/fanatic_v2/solr/.
Apr 4, 2014 10:06:55 PM org.apache.solr.core.SolrResourceLoader <init>
INFO: new SolrResourceLoader for directory: '/Users/dpappas/Dropbox/Sites/fanatic_v2/solr/./'
Apr 4, 2014 10:06:55 PM org.apache.solr.core.CoreContainer create
INFO: Creating SolrCore 'development' using instanceDir: /Users/dpappas/Dropbox/Sites/fanatic_v2/solr/.
Apr 4, 2014 10:06:55 PM org.apache.solr.core.SolrResourceLoader <init>
INFO: new SolrResourceLoader for directory: '/Users/dpappas/Dropbox/Sites/fanatic_v2/solr/./'
Apr 4, 2014 10:06:55 PM org.apache.solr.core.CoreContainer create
INFO: Creating SolrCore 'test' using instanceDir: /Users/dpappas/Dropbox/Sites/fanatic_v2/solr/.
Apr 4, 2014 10:06:55 PM org.apache.solr.core.SolrResourceLoader <init>
INFO: new SolrResourceLoader for directory: '/Users/dpappas/Dropbox/Sites/fanatic_v2/solr/./'
Apr 4, 2014 10:06:55 PM org.apache.solr.core.SolrConfig <init>
INFO: Using Lucene MatchVersion: LUCENE_41
Apr 4, 2014 10:06:55 PM org.apache.solr.core.SolrConfig <init>
INFO: Using Lucene MatchVersion: LUCENE_41
Apr 4, 2014 10:06:55 PM org.apache.solr.core.SolrConfig <init>
INFO: Using Lucene MatchVersion: LUCENE_41
Apr 4, 2014 10:06:55 PM org.apache.solr.core.SolrConfig <init>
INFO: Loaded SolrConfig: solrconfig.xml
Apr 4, 2014 10:06:55 PM org.apache.solr.core.SolrConfig <init>
INFO: Loaded SolrConfig: solrconfig.xml
Apr 4, 2014 10:06:55 PM org.apache.solr.core.SolrConfig <init>
INFO: Loaded SolrConfig: solrconfig.xml
Apr 4, 2014 10:06:55 PM org.apache.solr.schema.IndexSchema readSchema
INFO: Reading Solr Schema
Apr 4, 2014 10:06:55 PM org.apache.solr.schema.IndexSchema readSchema
INFO: Reading Solr Schema
Apr 4, 2014 10:06:55 PM org.apache.solr.schema.IndexSchema readSchema
INFO: Reading Solr Schema
Apr 4, 2014 10:06:55 PM org.apache.solr.schema.IndexSchema readSchema
INFO: Schema name=sunspot
Apr 4, 2014 10:06:55 PM org.apache.solr.schema.IndexSchema readSchema
INFO: Schema name=sunspot
Apr 4, 2014 10:06:55 PM org.apache.solr.schema.IndexSchema readSchema
INFO: Schema name=sunspot
Apr 4, 2014 10:06:55 PM org.apache.solr.schema.IndexSchema readSchema
INFO: default search field in schema is text
Apr 4, 2014 10:06:55 PM org.apache.solr.schema.IndexSchema readSchema
INFO: default search field in schema is text
Apr 4, 2014 10:06:55 PM org.apache.solr.schema.IndexSchema readSchema
INFO: query parser default operator is AND
Apr 4, 2014 10:06:55 PM org.apache.solr.schema.IndexSchema readSchema
INFO: default search field in schema is text
Apr 4, 2014 10:06:55 PM org.apache.solr.schema.IndexSchema readSchema
INFO: query parser default operator is AND
Apr 4, 2014 10:06:55 PM org.apache.solr.schema.IndexSchema readSchema
INFO: unique key field: id
Apr 4, 2014 10:06:55 PM org.apache.solr.schema.IndexSchema readSchema
INFO: query parser default operator is AND
Apr 4, 2014 10:06:55 PM org.apache.solr.schema.IndexSchema readSchema
INFO: unique key field: id
Apr 4, 2014 10:06:55 PM org.apache.solr.schema.IndexSchema readSchema
INFO: unique key field: id
Apr 4, 2014 10:06:55 PM org.apache.solr.core.SolrCore <init>
INFO: [development] Opening new SolrCore at /Users/dpappas/Dropbox/Sites/fanatic_v2/solr/./, dataDir=/Users/dpappas/Dropbox/Sites/fanatic_v2/solr/./development/data/
Apr 4, 2014 10:06:55 PM org.apache.solr.core.SolrCore <init>
INFO: [default] Opening new SolrCore at /Users/dpappas/Dropbox/Sites/fanatic_v2/solr/./, dataDir=/Users/dpappas/Dropbox/Sites/fanatic_v2/solr/./default/data/
Apr 4, 2014 10:06:55 PM org.apache.solr.core.SolrCore <init>
INFO: [test] Opening new SolrCore at /Users/dpappas/Dropbox/Sites/fanatic_v2/solr/./, dataDir=/Users/dpappas/Dropbox/Sites/fanatic_v2/solr/./test/data/
Apr 4, 2014 10:06:55 PM org.apache.solr.core.SolrCore <init>
INFO: JMX monitoring not detected for core: default
Apr 4, 2014 10:06:55 PM org.apache.solr.core.SolrCore <init>
INFO: JMX monitoring not detected for core: development
Apr 4, 2014 10:06:55 PM org.apache.solr.core.SolrCore <init>
INFO: JMX monitoring not detected for core: test
Apr 4, 2014 10:06:55 PM org.apache.solr.core.SolrCore initDirectoryFactory
INFO: solr.NRTCachingDirectoryFactory
Apr 4, 2014 10:06:55 PM org.apache.solr.core.SolrCore initDirectoryFactory
INFO: solr.NRTCachingDirectoryFactory
Apr 4, 2014 10:06:55 PM org.apache.solr.core.SolrCore initDirectoryFactory
INFO: solr.NRTCachingDirectoryFactory
Apr 4, 2014 10:06:55 PM org.apache.solr.core.CachingDirectoryFactory get
INFO: return new directory for /Users/dpappas/Dropbox/Sites/fanatic_v2/solr/./development/data forceNew: false
Apr 4, 2014 10:06:55 PM org.apache.solr.core.CachingDirectoryFactory get
INFO: return new directory for /Users/dpappas/Dropbox/Sites/fanatic_v2/solr/./default/data forceNew: false
Apr 4, 2014 10:06:55 PM org.apache.solr.core.CachingDirectoryFactory get
INFO: return new directory for /Users/dpappas/Dropbox/Sites/fanatic_v2/solr/./test/data forceNew: false
Apr 4, 2014 10:06:55 PM org.apache.solr.core.SolrCore getNewIndexDir
INFO: New index directory detected: old=null new=/Users/dpappas/Dropbox/Sites/fanatic_v2/solr/./default/data/index/
Apr 4, 2014 10:06:55 PM org.apache.solr.core.SolrCore getNewIndexDir
INFO: New index directory detected: old=null new=/Users/dpappas/Dropbox/Sites/fanatic_v2/solr/./development/data/index/
Apr 4, 2014 10:06:55 PM org.apache.solr.core.SolrCore getNewIndexDir
INFO: New index directory detected: old=null new=/Users/dpappas/Dropbox/Sites/fanatic_v2/solr/./test/data/index/
Apr 4, 2014 10:06:55 PM org.apache.solr.core.CachingDirectoryFactory get
INFO: return new directory for /Users/dpappas/Dropbox/Sites/fanatic_v2/solr/./default/data/index forceNew: false
Apr 4, 2014 10:06:55 PM org.apache.solr.core.CachingDirectoryFactory get
INFO: return new directory for /Users/dpappas/Dropbox/Sites/fanatic_v2/solr/./test/data/index forceNew: false
Apr 4, 2014 10:06:55 PM org.apache.solr.core.CachingDirectoryFactory get
INFO: return new directory for /Users/dpappas/Dropbox/Sites/fanatic_v2/solr/./development/data/index forceNew: false
Apr 4, 2014 10:06:56 PM org.apache.solr.core.RequestHandlers initHandlersFromConfig
INFO: created /select: solr.SearchHandler
Apr 4, 2014 10:06:56 PM org.apache.solr.core.RequestHandlers initHandlersFromConfig
INFO: created /query: solr.SearchHandler
Apr 4, 2014 10:06:56 PM org.apache.solr.core.RequestHandlers initHandlersFromConfig
INFO: created /get: solr.RealTimeGetHandler
Apr 4, 2014 10:06:56 PM org.apache.solr.core.RequestHandlers initHandlersFromConfig
INFO: created /select: solr.SearchHandler
Apr 4, 2014 10:06:56 PM org.apache.solr.core.RequestHandlers initHandlersFromConfig
INFO: created /select: solr.SearchHandler
Apr 4, 2014 10:06:56 PM org.apache.solr.core.RequestHandlers initHandlersFromConfig
INFO: created /query: solr.SearchHandler
Apr 4, 2014 10:06:56 PM org.apache.solr.core.RequestHandlers initHandlersFromConfig
INFO: created /query: solr.SearchHandler
Apr 4, 2014 10:06:56 PM org.apache.solr.core.RequestHandlers initHandlersFromConfig
INFO: created /get: solr.RealTimeGetHandler
Apr 4, 2014 10:06:56 PM org.apache.solr.core.RequestHandlers initHandlersFromConfig
INFO: created /get: solr.RealTimeGetHandler
Apr 4, 2014 10:06:56 PM org.apache.solr.core.RequestHandlers initHandlersFromConfig
INFO: created /update: solr.UpdateRequestHandler
Apr 4, 2014 10:06:56 PM org.apache.solr.core.RequestHandlers initHandlersFromConfig
INFO: created /update: solr.UpdateRequestHandler
Apr 4, 2014 10:06:56 PM org.apache.solr.core.RequestHandlers initHandlersFromConfig
INFO: created /update: solr.UpdateRequestHandler
Apr 4, 2014 10:06:56 PM org.apache.solr.core.RequestHandlers initHandlersFromConfig
INFO: created /update/json: solr.JsonUpdateRequestHandler
Apr 4, 2014 10:06:56 PM org.apache.solr.core.RequestHandlers initHandlersFromConfig
INFO: created /update/json: solr.JsonUpdateRequestHandler
Apr 4, 2014 10:06:56 PM org.apache.solr.core.RequestHandlers initHandlersFromConfig
INFO: created /update/csv: solr.CSVRequestHandler
Apr 4, 2014 10:06:56 PM org.apache.solr.core.RequestHandlers initHandlersFromConfig
INFO: created /update/json: solr.JsonUpdateRequestHandler
Apr 4, 2014 10:06:56 PM org.apache.solr.core.RequestHandlers initHandlersFromConfig
INFO: adding lazy requestHandler: solr.extraction.ExtractingRequestHandler
Apr 4, 2014 10:06:56 PM org.apache.solr.core.RequestHandlers initHandlersFromConfig
INFO: created /update/csv: solr.CSVRequestHandler
Apr 4, 2014 10:06:56 PM org.apache.solr.core.RequestHandlers initHandlersFromConfig
INFO: adding lazy requestHandler: solr.extraction.ExtractingRequestHandler
Apr 4, 2014 10:06:56 PM org.apache.solr.core.RequestHandlers initHandlersFromConfig
INFO: created /update/extract: solr.extraction.ExtractingRequestHandler
Apr 4, 2014 10:06:56 PM org.apache.solr.core.RequestHandlers initHandlersFromConfig
INFO: created /update/extract: solr.extraction.ExtractingRequestHandler
Apr 4, 2014 10:06:56 PM org.apache.solr.core.RequestHandlers initHandlersFromConfig
INFO: adding lazy requestHandler: solr.FieldAnalysisRequestHandler
Apr 4, 2014 10:06:56 PM org.apache.solr.core.RequestHandlers initHandlersFromConfig
INFO: created /update/csv: solr.CSVRequestHandler
Apr 4, 2014 10:06:56 PM org.apache.solr.core.RequestHandlers initHandlersFromConfig
INFO: adding lazy requestHandler: solr.FieldAnalysisRequestHandler
Apr 4, 2014 10:06:56 PM org.apache.solr.core.RequestHandlers initHandlersFromConfig
INFO: adding lazy requestHandler: solr.extraction.ExtractingRequestHandler
Apr 4, 2014 10:06:56 PM org.apache.solr.core.RequestHandlers initHandlersFromConfig
INFO: created /analysis/field: solr.FieldAnalysisRequestHandler
Apr 4, 2014 10:06:56 PM org.apache.solr.core.RequestHandlers initHandlersFromConfig
INFO: created /analysis/field: solr.FieldAnalysisRequestHandler
Apr 4, 2014 10:06:56 PM org.apache.solr.core.RequestHandlers initHandlersFromConfig
INFO: adding lazy requestHandler: solr.DocumentAnalysisRequestHandler
Apr 4, 2014 10:06:56 PM org.apache.solr.core.RequestHandlers initHandlersFromConfig
INFO: created /update/extract: solr.extraction.ExtractingRequestHandler
Apr 4, 2014 10:06:56 PM org.apache.solr.core.RequestHandlers initHandlersFromConfig
INFO: created /analysis/document: solr.DocumentAnalysisRequestHandler
Apr 4, 2014 10:06:56 PM org.apache.solr.core.RequestHandlers initHandlersFromConfig
INFO: adding lazy requestHandler: solr.DocumentAnalysisRequestHandler
Apr 4, 2014 10:06:56 PM org.apache.solr.core.RequestHandlers initHandlersFromConfig
INFO: adding lazy requestHandler: solr.FieldAnalysisRequestHandler
Apr 4, 2014 10:06:56 PM org.apache.solr.core.RequestHandlers initHandlersFromConfig
INFO: created /analysis/document: solr.DocumentAnalysisRequestHandler
Apr 4, 2014 10:06:56 PM org.apache.solr.core.RequestHandlers initHandlersFromConfig
INFO: created /analysis/field: solr.FieldAnalysisRequestHandler
Apr 4, 2014 10:06:56 PM org.apache.solr.core.RequestHandlers initHandlersFromConfig
INFO: adding lazy requestHandler: solr.DocumentAnalysisRequestHandler
Apr 4, 2014 10:06:56 PM org.apache.solr.core.RequestHandlers initHandlersFromConfig
INFO: created /analysis/document: solr.DocumentAnalysisRequestHandler
Apr 4, 2014 10:06:56 PM org.apache.solr.core.RequestHandlers initHandlersFromConfig
INFO: created /admin/ping: solr.PingRequestHandler
Apr 4, 2014 10:06:56 PM org.apache.solr.core.RequestHandlers initHandlersFromConfig
INFO: created /admin/ping: solr.PingRequestHandler
Apr 4, 2014 10:06:56 PM org.apache.solr.core.RequestHandlers initHandlersFromConfig
INFO: created /admin/ping: solr.PingRequestHandler
Apr 4, 2014 10:06:56 PM org.apache.solr.core.RequestHandlers initHandlersFromConfig
INFO: created /debug/dump: solr.DumpRequestHandler
Apr 4, 2014 10:06:56 PM org.apache.solr.core.RequestHandlers initHandlersFromConfig
INFO: created /debug/dump: solr.DumpRequestHandler
Apr 4, 2014 10:06:56 PM org.apache.solr.core.RequestHandlers initHandlersFromConfig
INFO: created /debug/dump: solr.DumpRequestHandler
Apr 4, 2014 10:06:56 PM org.apache.solr.core.RequestHandlers initHandlersFromConfig
INFO: created /replication: solr.ReplicationHandler
Apr 4, 2014 10:06:56 PM org.apache.solr.core.RequestHandlers initHandlersFromConfig
INFO: created /replication: solr.ReplicationHandler
Apr 4, 2014 10:06:56 PM org.apache.solr.core.RequestHandlers initHandlersFromConfig
INFO: created /replication: solr.ReplicationHandler
Apr 4, 2014 10:06:56 PM org.apache.solr.core.RequestHandlers initHandlersFromConfig
INFO: created /mlt: solr.MoreLikeThisHandler
Apr 4, 2014 10:06:56 PM org.apache.solr.core.RequestHandlers initHandlersFromConfig
INFO: created /mlt: solr.MoreLikeThisHandler
Apr 4, 2014 10:06:56 PM org.apache.solr.core.RequestHandlers initHandlersFromConfig
INFO: created /mlt: solr.MoreLikeThisHandler
Apr 4, 2014 10:06:56 PM org.apache.solr.core.RequestHandlers initHandlersFromConfig
INFO: created /admin/: solr.admin.AdminHandlers
Apr 4, 2014 10:06:56 PM org.apache.solr.core.RequestHandlers initHandlersFromConfig
INFO: created /admin/: solr.admin.AdminHandlers
Apr 4, 2014 10:06:56 PM org.apache.solr.core.RequestHandlers initHandlersFromConfig
INFO: created /admin/: solr.admin.AdminHandlers
Apr 4, 2014 10:06:56 PM org.apache.solr.handler.loader.XMLLoader init
INFO: xsltCacheLifetimeSeconds=60
Apr 4, 2014 10:06:56 PM org.apache.solr.handler.loader.XMLLoader init
INFO: xsltCacheLifetimeSeconds=60
Apr 4, 2014 10:06:56 PM org.apache.solr.handler.loader.XMLLoader init
INFO: xsltCacheLifetimeSeconds=60
Apr 4, 2014 10:06:56 PM org.apache.solr.handler.loader.XMLLoader init
INFO: xsltCacheLifetimeSeconds=60
Apr 4, 2014 10:06:56 PM org.apache.solr.handler.loader.XMLLoader init
INFO: xsltCacheLifetimeSeconds=60
Apr 4, 2014 10:06:56 PM org.apache.solr.handler.loader.XMLLoader init
INFO: xsltCacheLifetimeSeconds=60
Apr 4, 2014 10:06:56 PM org.apache.solr.handler.loader.XMLLoader init
INFO: xsltCacheLifetimeSeconds=60
Apr 4, 2014 10:06:56 PM org.apache.solr.handler.loader.XMLLoader init
INFO: xsltCacheLifetimeSeconds=60
Apr 4, 2014 10:06:56 PM org.apache.solr.handler.loader.XMLLoader init
INFO: xsltCacheLifetimeSeconds=60
Apr 4, 2014 10:06:56 PM org.apache.solr.search.SolrIndexSearcher <init>
INFO: Opening Searcher@6726fef6 main
Apr 4, 2014 10:06:56 PM org.apache.solr.search.SolrIndexSearcher <init>
INFO: Opening Searcher@312cfd62 main
Apr 4, 2014 10:06:56 PM org.apache.solr.update.CommitTracker <init>
INFO: Hard AutoCommit: if uncommited for 15000ms; 
Apr 4, 2014 10:06:56 PM org.apache.solr.update.CommitTracker <init>
INFO: Hard AutoCommit: if uncommited for 15000ms; 
Apr 4, 2014 10:06:56 PM org.apache.solr.update.CommitTracker <init>
INFO: Soft AutoCommit: if uncommited for 5000ms; 
Apr 4, 2014 10:06:56 PM org.apache.solr.update.CommitTracker <init>
INFO: Soft AutoCommit: if uncommited for 5000ms; 
Apr 4, 2014 10:06:56 PM org.apache.solr.handler.component.SpellCheckComponent inform
INFO: Initializing spell checkers
Apr 4, 2014 10:06:56 PM org.apache.solr.handler.component.SpellCheckComponent inform
INFO: Initializing spell checkers
Apr 4, 2014 10:06:56 PM org.apache.solr.spelling.DirectSolrSpellChecker init
INFO: init: {name=default,field=name,classname=solr.DirectSolrSpellChecker,distanceMeasure=internal,accuracy=0.5,maxEdits=2,minPrefix=1,maxInspections=5,minQueryLength=4,maxQueryFrequency=0.01}
Apr 4, 2014 10:06:56 PM org.apache.solr.spelling.DirectSolrSpellChecker init
INFO: init: {name=default,field=name,classname=solr.DirectSolrSpellChecker,distanceMeasure=internal,accuracy=0.5,maxEdits=2,minPrefix=1,maxInspections=5,minQueryLength=4,maxQueryFrequency=0.01}
Apr 4, 2014 10:06:56 PM org.apache.solr.handler.component.SpellCheckComponent inform
INFO: No queryConverter defined, using default converter
Apr 4, 2014 10:06:56 PM org.apache.solr.handler.component.SpellCheckComponent inform
INFO: No queryConverter defined, using default converter
Apr 4, 2014 10:06:56 PM org.apache.solr.search.SolrIndexSearcher <init>
INFO: Opening Searcher@10fa1b2d main
Apr 4, 2014 10:06:56 PM org.apache.solr.handler.ReplicationHandler inform
INFO: Commits will be reserved for  10000
Apr 4, 2014 10:06:56 PM org.apache.solr.handler.ReplicationHandler inform
INFO: Commits will be reserved for  10000
Apr 4, 2014 10:06:56 PM org.apache.solr.update.CommitTracker <init>
INFO: Hard AutoCommit: if uncommited for 15000ms; 
Apr 4, 2014 10:06:56 PM org.apache.solr.update.CommitTracker <init>
INFO: Soft AutoCommit: if uncommited for 5000ms; 
Apr 4, 2014 10:06:56 PM org.apache.solr.handler.component.SpellCheckComponent inform
INFO: Initializing spell checkers
Apr 4, 2014 10:06:56 PM org.apache.solr.spelling.DirectSolrSpellChecker init
INFO: init: {name=default,field=name,classname=solr.DirectSolrSpellChecker,distanceMeasure=internal,accuracy=0.5,maxEdits=2,minPrefix=1,maxInspections=5,minQueryLength=4,maxQueryFrequency=0.01}
Apr 4, 2014 10:06:56 PM org.apache.solr.handler.component.SpellCheckComponent inform
INFO: No queryConverter defined, using default converter
Apr 4, 2014 10:06:56 PM org.apache.solr.handler.ReplicationHandler inform
INFO: Commits will be reserved for  10000
Apr 4, 2014 10:06:56 PM org.apache.solr.core.SolrCore registerSearcher
INFO: [default] Registered new searcher Searcher@6726fef6 main{StandardDirectoryReader(segments_1:1)}
Apr 4, 2014 10:06:56 PM org.apache.solr.core.SolrCore registerSearcher
INFO: [test] Registered new searcher Searcher@312cfd62 main{StandardDirectoryReader(segments_1:1)}
Apr 4, 2014 10:06:56 PM org.apache.solr.core.SolrCore registerSearcher
INFO: [development] Registered new searcher Searcher@10fa1b2d main{StandardDirectoryReader(segments_2:3 _0(4.2):C5)}
Apr 4, 2014 10:06:56 PM org.apache.solr.core.CoreContainer registerCore
INFO: registering core: test
Apr 4, 2014 10:06:56 PM org.apache.solr.core.CoreContainer registerCore
INFO: registering core: development
Apr 4, 2014 10:06:56 PM org.apache.solr.core.CoreContainer registerCore
INFO: registering core: default
Apr 4, 2014 10:06:56 PM org.apache.solr.servlet.SolrDispatchFilter init
INFO: user.dir=/Users/dpappas/.rbenv/versions/2.1.1/lib/ruby/gems/2.1.0/gems/sunspot_solr-2.1.0/solr
Apr 4, 2014 10:06:56 PM org.apache.solr.servlet.SolrDispatchFilter init
INFO: SolrDispatchFilter.init() done
